<?xml version="1.0" encoding="UTF-8"?>
<!-- Generated by org.testng.reporters.JUnitReportReporter -->
<testsuite hostname="DESKTOP-KSDRO1T" failures="0" tests="1" name="com.iNetBanking.testcases.TC_AddNewCustomer_003" time="16.559" errors="0" timestamp="2023-04-10T22:13:31 IST" skipped="0">
  <testcase classname="com.iNetBanking.testcases.TC_AddNewCustomer_003" name="addNewCustomer" time="16.559"/>
  <system-out/>
</testsuite> <!-- com.iNetBanking.testcases.TC_AddNewCustomer_003 -->
