<?xml version="1.0" encoding="UTF-8"?>
<!-- Generated by org.testng.reporters.JUnitReportReporter -->
<testsuite hostname="DESKTOP-KSDRO1T" failures="0" tests="2" name="com.iNetBankinng.AppTest" time="0.032" errors="0" timestamp="2023-03-18T13:36:36 IST" skipped="0">
  <testcase classname="com.iNetBankinng.AppTest" name="testLogin2" time="0.001"/>
  <system-out/>
  <testcase classname="com.iNetBankinng.AppTest" name="testLogin1" time="0.031"/>
  <system-out/>
</testsuite> <!-- com.iNetBankinng.AppTest -->
