<?xml version="1.0" encoding="UTF-8"?>
<!-- Generated by org.testng.reporters.JUnitReportReporter -->
<testsuite hostname="DESKTOP-KSDRO1T" failures="0" tests="1" name="com.iNetBanking.testcases.TC_LoginTest_001" time="1.992" errors="0" timestamp="2023-04-10T15:15:39 IST" skipped="0">
  <testcase classname="com.iNetBanking.testcases.TC_LoginTest_001" name="loginTest" time="1.992"/>
  <system-out/>
</testsuite> <!-- com.iNetBanking.testcases.TC_LoginTest_001 -->
