<?xml version="1.0" encoding="UTF-8"?>
<!-- Generated by org.testng.reporters.JUnitReportReporter -->
<testsuite hostname="DESKTOP-KSDRO1T" failures="0" tests="1" name="com.iNetBanking.testcases.TC_AddNewCustomer_003" time="12.700" errors="0" timestamp="2023-04-11T12:12:53 IST" skipped="0">
  <testcase classname="com.iNetBanking.testcases.TC_AddNewCustomer_003" name="addNewCustomer" time="12.700"/>
  <system-out/>
</testsuite> <!-- com.iNetBanking.testcases.TC_AddNewCustomer_003 -->
