<?xml version="1.0" encoding="UTF-8"?>
<!-- Generated by org.testng.reporters.JUnitReportReporter -->
<testsuite hostname="DESKTOP-KSDRO1T" failures="0" tests="1" name="com.iNetBanking.testcases.TC_LoginTest_001" time="2.345" errors="0" timestamp="2023-04-11T12:12:53 IST" skipped="0">
  <testcase classname="com.iNetBanking.testcases.TC_LoginTest_001" name="loginTest" time="2.345"/>
  <system-out/>
</testsuite> <!-- com.iNetBanking.testcases.TC_LoginTest_001 -->
